0 info it worked if it ends with ok
1 verbose cli [ 'c:\\Program Files\\nodejs\\node.exe',
1 verbose cli   'c:\\Program Files\\nodejs\\node_modules\\npm\\bin\\npm-cli.js',
1 verbose cli   'install' ]
2 info using npm@1.4.28
3 info using node@v0.10.32
4 warn package.json almas4@0.0.0 No description
5 warn package.json almas4@0.0.0 No repository field.
6 warn package.json almas4@0.0.0 No README data
7 verbose readDependencies using package.json deps
8 verbose install where, deps [ 'c:\\xampp\\htdocs\\almas',
8 verbose install   [ 'gulp',
8 verbose install     'gulp-watch',
8 verbose install     'gulp-livereload',
8 verbose install     'gulp-minify-css',
8 verbose install     'gulp-ruby-sass',
8 verbose install     'gulp-rename',
8 verbose install     'gulp-concat',
8 verbose install     'gulp-notify',
8 verbose install     'gulp-uglify',
8 verbose install     'gulp-sass' ] ]
9 info preinstall almas4@0.0.0
10 verbose readDependencies using package.json deps
11 verbose cache add [ 'gulp@~3.8.11', null ]
12 verbose cache add name=undefined spec="gulp@~3.8.11" args=["gulp@~3.8.11",null]
13 verbose parsed url { protocol: null,
13 verbose parsed url   slashes: null,
13 verbose parsed url   auth: null,
13 verbose parsed url   host: null,
13 verbose parsed url   port: null,
13 verbose parsed url   hostname: null,
13 verbose parsed url   hash: null,
13 verbose parsed url   search: null,
13 verbose parsed url   query: null,
13 verbose parsed url   pathname: 'gulp@~3.8.11',
13 verbose parsed url   path: 'gulp@~3.8.11',
13 verbose parsed url   href: 'gulp@~3.8.11' }
14 verbose cache add [ 'gulp-watch@~4.2.0', null ]
15 verbose cache add name=undefined spec="gulp-watch@~4.2.0" args=["gulp-watch@~4.2.0",null]
16 verbose parsed url { protocol: null,
16 verbose parsed url   slashes: null,
16 verbose parsed url   auth: null,
16 verbose parsed url   host: null,
16 verbose parsed url   port: null,
16 verbose parsed url   hostname: null,
16 verbose parsed url   hash: null,
16 verbose parsed url   search: null,
16 verbose parsed url   query: null,
16 verbose parsed url   pathname: 'gulp-watch@~4.2.0',
16 verbose parsed url   path: 'gulp-watch@~4.2.0',
16 verbose parsed url   href: 'gulp-watch@~4.2.0' }
17 verbose cache add [ 'gulp-livereload@~3.8.0', null ]
18 verbose cache add name=undefined spec="gulp-livereload@~3.8.0" args=["gulp-livereload@~3.8.0",null]
19 verbose parsed url { protocol: null,
19 verbose parsed url   slashes: null,
19 verbose parsed url   auth: null,
19 verbose parsed url   host: null,
19 verbose parsed url   port: null,
19 verbose parsed url   hostname: null,
19 verbose parsed url   hash: null,
19 verbose parsed url   search: null,
19 verbose parsed url   query: null,
19 verbose parsed url   pathname: 'gulp-livereload@~3.8.0',
19 verbose parsed url   path: 'gulp-livereload@~3.8.0',
19 verbose parsed url   href: 'gulp-livereload@~3.8.0' }
20 verbose cache add [ 'gulp-minify-css@~1.0.0', null ]
21 verbose cache add name=undefined spec="gulp-minify-css@~1.0.0" args=["gulp-minify-css@~1.0.0",null]
22 verbose parsed url { protocol: null,
22 verbose parsed url   slashes: null,
22 verbose parsed url   auth: null,
22 verbose parsed url   host: null,
22 verbose parsed url   port: null,
22 verbose parsed url   hostname: null,
22 verbose parsed url   hash: null,
22 verbose parsed url   search: null,
22 verbose parsed url   query: null,
22 verbose parsed url   pathname: 'gulp-minify-css@~1.0.0',
22 verbose parsed url   path: 'gulp-minify-css@~1.0.0',
22 verbose parsed url   href: 'gulp-minify-css@~1.0.0' }
23 verbose cache add [ 'gulp-ruby-sass@~1.0.1', null ]
24 verbose cache add name=undefined spec="gulp-ruby-sass@~1.0.1" args=["gulp-ruby-sass@~1.0.1",null]
25 verbose parsed url { protocol: null,
25 verbose parsed url   slashes: null,
25 verbose parsed url   auth: null,
25 verbose parsed url   host: null,
25 verbose parsed url   port: null,
25 verbose parsed url   hostname: null,
25 verbose parsed url   hash: null,
25 verbose parsed url   search: null,
25 verbose parsed url   query: null,
25 verbose parsed url   pathname: 'gulp-ruby-sass@~1.0.1',
25 verbose parsed url   path: 'gulp-ruby-sass@~1.0.1',
25 verbose parsed url   href: 'gulp-ruby-sass@~1.0.1' }
26 verbose cache add [ 'gulp-rename@~1.2.0', null ]
27 verbose cache add name=undefined spec="gulp-rename@~1.2.0" args=["gulp-rename@~1.2.0",null]
28 verbose parsed url { protocol: null,
28 verbose parsed url   slashes: null,
28 verbose parsed url   auth: null,
28 verbose parsed url   host: null,
28 verbose parsed url   port: null,
28 verbose parsed url   hostname: null,
28 verbose parsed url   hash: null,
28 verbose parsed url   search: null,
28 verbose parsed url   query: null,
28 verbose parsed url   pathname: 'gulp-rename@~1.2.0',
28 verbose parsed url   path: 'gulp-rename@~1.2.0',
28 verbose parsed url   href: 'gulp-rename@~1.2.0' }
29 verbose cache add [ 'gulp-concat@~2.5.2', null ]
30 verbose cache add name=undefined spec="gulp-concat@~2.5.2" args=["gulp-concat@~2.5.2",null]
31 verbose parsed url { protocol: null,
31 verbose parsed url   slashes: null,
31 verbose parsed url   auth: null,
31 verbose parsed url   host: null,
31 verbose parsed url   port: null,
31 verbose parsed url   hostname: null,
31 verbose parsed url   hash: null,
31 verbose parsed url   search: null,
31 verbose parsed url   query: null,
31 verbose parsed url   pathname: 'gulp-concat@~2.5.2',
31 verbose parsed url   path: 'gulp-concat@~2.5.2',
31 verbose parsed url   href: 'gulp-concat@~2.5.2' }
32 verbose cache add [ 'gulp-notify@~2.2.0', null ]
33 verbose cache add name=undefined spec="gulp-notify@~2.2.0" args=["gulp-notify@~2.2.0",null]
34 verbose parsed url { protocol: null,
34 verbose parsed url   slashes: null,
34 verbose parsed url   auth: null,
34 verbose parsed url   host: null,
34 verbose parsed url   port: null,
34 verbose parsed url   hostname: null,
34 verbose parsed url   hash: null,
34 verbose parsed url   search: null,
34 verbose parsed url   query: null,
34 verbose parsed url   pathname: 'gulp-notify@~2.2.0',
34 verbose parsed url   path: 'gulp-notify@~2.2.0',
34 verbose parsed url   href: 'gulp-notify@~2.2.0' }
35 verbose cache add [ 'gulp-uglify@~1.1.0', null ]
36 verbose cache add name=undefined spec="gulp-uglify@~1.1.0" args=["gulp-uglify@~1.1.0",null]
37 verbose parsed url { protocol: null,
37 verbose parsed url   slashes: null,
37 verbose parsed url   auth: null,
37 verbose parsed url   host: null,
37 verbose parsed url   port: null,
37 verbose parsed url   hostname: null,
37 verbose parsed url   hash: null,
37 verbose parsed url   search: null,
37 verbose parsed url   query: null,
37 verbose parsed url   pathname: 'gulp-uglify@~1.1.0',
37 verbose parsed url   path: 'gulp-uglify@~1.1.0',
37 verbose parsed url   href: 'gulp-uglify@~1.1.0' }
38 verbose cache add [ 'gulp-sass@~1.3.3', null ]
39 verbose cache add name=undefined spec="gulp-sass@~1.3.3" args=["gulp-sass@~1.3.3",null]
40 verbose parsed url { protocol: null,
40 verbose parsed url   slashes: null,
40 verbose parsed url   auth: null,
40 verbose parsed url   host: null,
40 verbose parsed url   port: null,
40 verbose parsed url   hostname: null,
40 verbose parsed url   hash: null,
40 verbose parsed url   search: null,
40 verbose parsed url   query: null,
40 verbose parsed url   pathname: 'gulp-sass@~1.3.3',
40 verbose parsed url   path: 'gulp-sass@~1.3.3',
40 verbose parsed url   href: 'gulp-sass@~1.3.3' }
41 verbose cache add name="gulp" spec="~3.8.11" args=["gulp","~3.8.11"]
42 verbose parsed url { protocol: null,
42 verbose parsed url   slashes: null,
42 verbose parsed url   auth: null,
42 verbose parsed url   host: null,
42 verbose parsed url   port: null,
42 verbose parsed url   hostname: null,
42 verbose parsed url   hash: null,
42 verbose parsed url   search: null,
42 verbose parsed url   query: null,
42 verbose parsed url   pathname: '~3.8.11',
42 verbose parsed url   path: '~3.8.11',
42 verbose parsed url   href: '~3.8.11' }
43 verbose addNamed [ 'gulp', '~3.8.11' ]
44 verbose addNamed [ null, '>=3.8.11-0 <3.9.0-0' ]
45 verbose cache add name="gulp-watch" spec="~4.2.0" args=["gulp-watch","~4.2.0"]
46 verbose parsed url { protocol: null,
46 verbose parsed url   slashes: null,
46 verbose parsed url   auth: null,
46 verbose parsed url   host: null,
46 verbose parsed url   port: null,
46 verbose parsed url   hostname: null,
46 verbose parsed url   hash: null,
46 verbose parsed url   search: null,
46 verbose parsed url   query: null,
46 verbose parsed url   pathname: '~4.2.0',
46 verbose parsed url   path: '~4.2.0',
46 verbose parsed url   href: '~4.2.0' }
47 verbose addNamed [ 'gulp-watch', '~4.2.0' ]
48 verbose addNamed [ null, '>=4.2.0-0 <4.3.0-0' ]
49 verbose cache add name="gulp-livereload" spec="~3.8.0" args=["gulp-livereload","~3.8.0"]
50 verbose parsed url { protocol: null,
50 verbose parsed url   slashes: null,
50 verbose parsed url   auth: null,
50 verbose parsed url   host: null,
50 verbose parsed url   port: null,
50 verbose parsed url   hostname: null,
50 verbose parsed url   hash: null,
50 verbose parsed url   search: null,
50 verbose parsed url   query: null,
50 verbose parsed url   pathname: '~3.8.0',
50 verbose parsed url   path: '~3.8.0',
50 verbose parsed url   href: '~3.8.0' }
51 verbose addNamed [ 'gulp-livereload', '~3.8.0' ]
52 verbose addNamed [ null, '>=3.8.0-0 <3.9.0-0' ]
53 verbose cache add name="gulp-minify-css" spec="~1.0.0" args=["gulp-minify-css","~1.0.0"]
54 verbose parsed url { protocol: null,
54 verbose parsed url   slashes: null,
54 verbose parsed url   auth: null,
54 verbose parsed url   host: null,
54 verbose parsed url   port: null,
54 verbose parsed url   hostname: null,
54 verbose parsed url   hash: null,
54 verbose parsed url   search: null,
54 verbose parsed url   query: null,
54 verbose parsed url   pathname: '~1.0.0',
54 verbose parsed url   path: '~1.0.0',
54 verbose parsed url   href: '~1.0.0' }
55 verbose addNamed [ 'gulp-minify-css', '~1.0.0' ]
56 verbose addNamed [ null, '>=1.0.0-0 <1.1.0-0' ]
57 verbose cache add name="gulp-ruby-sass" spec="~1.0.1" args=["gulp-ruby-sass","~1.0.1"]
58 verbose parsed url { protocol: null,
58 verbose parsed url   slashes: null,
58 verbose parsed url   auth: null,
58 verbose parsed url   host: null,
58 verbose parsed url   port: null,
58 verbose parsed url   hostname: null,
58 verbose parsed url   hash: null,
58 verbose parsed url   search: null,
58 verbose parsed url   query: null,
58 verbose parsed url   pathname: '~1.0.1',
58 verbose parsed url   path: '~1.0.1',
58 verbose parsed url   href: '~1.0.1' }
59 verbose addNamed [ 'gulp-ruby-sass', '~1.0.1' ]
60 verbose addNamed [ null, '>=1.0.1-0 <1.1.0-0' ]
61 verbose cache add name="gulp-rename" spec="~1.2.0" args=["gulp-rename","~1.2.0"]
62 verbose parsed url { protocol: null,
62 verbose parsed url   slashes: null,
62 verbose parsed url   auth: null,
62 verbose parsed url   host: null,
62 verbose parsed url   port: null,
62 verbose parsed url   hostname: null,
62 verbose parsed url   hash: null,
62 verbose parsed url   search: null,
62 verbose parsed url   query: null,
62 verbose parsed url   pathname: '~1.2.0',
62 verbose parsed url   path: '~1.2.0',
62 verbose parsed url   href: '~1.2.0' }
63 verbose addNamed [ 'gulp-rename', '~1.2.0' ]
64 verbose addNamed [ null, '>=1.2.0-0 <1.3.0-0' ]
65 verbose cache add name="gulp-concat" spec="~2.5.2" args=["gulp-concat","~2.5.2"]
66 verbose parsed url { protocol: null,
66 verbose parsed url   slashes: null,
66 verbose parsed url   auth: null,
66 verbose parsed url   host: null,
66 verbose parsed url   port: null,
66 verbose parsed url   hostname: null,
66 verbose parsed url   hash: null,
66 verbose parsed url   search: null,
66 verbose parsed url   query: null,
66 verbose parsed url   pathname: '~2.5.2',
66 verbose parsed url   path: '~2.5.2',
66 verbose parsed url   href: '~2.5.2' }
67 verbose addNamed [ 'gulp-concat', '~2.5.2' ]
68 verbose addNamed [ null, '>=2.5.2-0 <2.6.0-0' ]
69 verbose cache add name="gulp-notify" spec="~2.2.0" args=["gulp-notify","~2.2.0"]
70 verbose parsed url { protocol: null,
70 verbose parsed url   slashes: null,
70 verbose parsed url   auth: null,
70 verbose parsed url   host: null,
70 verbose parsed url   port: null,
70 verbose parsed url   hostname: null,
70 verbose parsed url   hash: null,
70 verbose parsed url   search: null,
70 verbose parsed url   query: null,
70 verbose parsed url   pathname: '~2.2.0',
70 verbose parsed url   path: '~2.2.0',
70 verbose parsed url   href: '~2.2.0' }
71 verbose addNamed [ 'gulp-notify', '~2.2.0' ]
72 verbose addNamed [ null, '>=2.2.0-0 <2.3.0-0' ]
73 verbose cache add name="gulp-uglify" spec="~1.1.0" args=["gulp-uglify","~1.1.0"]
74 verbose parsed url { protocol: null,
74 verbose parsed url   slashes: null,
74 verbose parsed url   auth: null,
74 verbose parsed url   host: null,
74 verbose parsed url   port: null,
74 verbose parsed url   hostname: null,
74 verbose parsed url   hash: null,
74 verbose parsed url   search: null,
74 verbose parsed url   query: null,
74 verbose parsed url   pathname: '~1.1.0',
74 verbose parsed url   path: '~1.1.0',
74 verbose parsed url   href: '~1.1.0' }
75 verbose addNamed [ 'gulp-uglify', '~1.1.0' ]
76 verbose addNamed [ null, '>=1.1.0-0 <1.2.0-0' ]
77 verbose cache add name="gulp-sass" spec="~1.3.3" args=["gulp-sass","~1.3.3"]
78 verbose parsed url { protocol: null,
78 verbose parsed url   slashes: null,
78 verbose parsed url   auth: null,
78 verbose parsed url   host: null,
78 verbose parsed url   port: null,
78 verbose parsed url   hostname: null,
78 verbose parsed url   hash: null,
78 verbose parsed url   search: null,
78 verbose parsed url   query: null,
78 verbose parsed url   pathname: '~1.3.3',
78 verbose parsed url   path: '~1.3.3',
78 verbose parsed url   href: '~1.3.3' }
79 verbose addNamed [ 'gulp-sass', '~1.3.3' ]
80 verbose addNamed [ null, '>=1.3.3-0 <1.4.0-0' ]
81 silly lockFile 08c6f049-gulp-3-8-11 gulp@~3.8.11
82 verbose lock gulp@~3.8.11 C:\Users\joan.lafulla\AppData\Roaming\npm-cache\08c6f049-gulp-3-8-11.lock
83 silly lockFile 9dbf8557-gulp-watch-4-2-0 gulp-watch@~4.2.0
84 verbose lock gulp-watch@~4.2.0 C:\Users\joan.lafulla\AppData\Roaming\npm-cache\9dbf8557-gulp-watch-4-2-0.lock
85 silly lockFile e679b065-gulp-livereload-3-8-0 gulp-livereload@~3.8.0
86 verbose lock gulp-livereload@~3.8.0 C:\Users\joan.lafulla\AppData\Roaming\npm-cache\e679b065-gulp-livereload-3-8-0.lock
87 silly lockFile 22712d68-gulp-minify-css-1-0-0 gulp-minify-css@~1.0.0
88 verbose lock gulp-minify-css@~1.0.0 C:\Users\joan.lafulla\AppData\Roaming\npm-cache\22712d68-gulp-minify-css-1-0-0.lock
89 silly lockFile 2321cfad-gulp-ruby-sass-1-0-1 gulp-ruby-sass@~1.0.1
90 verbose lock gulp-ruby-sass@~1.0.1 C:\Users\joan.lafulla\AppData\Roaming\npm-cache\2321cfad-gulp-ruby-sass-1-0-1.lock
91 silly lockFile afe69ea5-gulp-rename-1-2-0 gulp-rename@~1.2.0
92 verbose lock gulp-rename@~1.2.0 C:\Users\joan.lafulla\AppData\Roaming\npm-cache\afe69ea5-gulp-rename-1-2-0.lock
93 silly lockFile bdf13388-gulp-concat-2-5-2 gulp-concat@~2.5.2
94 verbose lock gulp-concat@~2.5.2 C:\Users\joan.lafulla\AppData\Roaming\npm-cache\bdf13388-gulp-concat-2-5-2.lock
95 silly lockFile 1aba93d6-gulp-notify-2-2-0 gulp-notify@~2.2.0
96 verbose lock gulp-notify@~2.2.0 C:\Users\joan.lafulla\AppData\Roaming\npm-cache\1aba93d6-gulp-notify-2-2-0.lock
97 silly lockFile 4d3d450f-gulp-uglify-1-1-0 gulp-uglify@~1.1.0
98 verbose lock gulp-uglify@~1.1.0 C:\Users\joan.lafulla\AppData\Roaming\npm-cache\4d3d450f-gulp-uglify-1-1-0.lock
99 silly lockFile 2ff5c936-gulp-sass-1-3-3 gulp-sass@~1.3.3
100 verbose lock gulp-sass@~1.3.3 C:\Users\joan.lafulla\AppData\Roaming\npm-cache\2ff5c936-gulp-sass-1-3-3.lock
101 silly addNameRange { name: 'gulp', range: '>=3.8.11-0 <3.9.0-0', hasData: false }
102 silly addNameRange { name: 'gulp-watch',
102 silly addNameRange   range: '>=4.2.0-0 <4.3.0-0',
102 silly addNameRange   hasData: false }
103 silly addNameRange { name: 'gulp-rename',
103 silly addNameRange   range: '>=1.2.0-0 <1.3.0-0',
103 silly addNameRange   hasData: false }
104 silly addNameRange { name: 'gulp-minify-css',
104 silly addNameRange   range: '>=1.0.0-0 <1.1.0-0',
104 silly addNameRange   hasData: false }
105 silly addNameRange { name: 'gulp-livereload',
105 silly addNameRange   range: '>=3.8.0-0 <3.9.0-0',
105 silly addNameRange   hasData: false }
106 silly addNameRange { name: 'gulp-ruby-sass',
106 silly addNameRange   range: '>=1.0.1-0 <1.1.0-0',
106 silly addNameRange   hasData: false }
107 silly addNameRange { name: 'gulp-concat',
107 silly addNameRange   range: '>=2.5.2-0 <2.6.0-0',
107 silly addNameRange   hasData: false }
108 silly addNameRange { name: 'gulp-uglify',
108 silly addNameRange   range: '>=1.1.0-0 <1.2.0-0',
108 silly addNameRange   hasData: false }
109 silly addNameRange { name: 'gulp-notify',
109 silly addNameRange   range: '>=2.2.0-0 <2.3.0-0',
109 silly addNameRange   hasData: false }
110 silly addNameRange { name: 'gulp-sass',
110 silly addNameRange   range: '>=1.3.3-0 <1.4.0-0',
110 silly addNameRange   hasData: false }
111 verbose request where is /gulp-notify
112 verbose request registry https://registry.npmjs.org/
113 verbose request id 7f2289cfd9c8aa39
114 verbose url raw /gulp-notify
115 verbose url resolving [ 'https://registry.npmjs.org/', './gulp-notify' ]
116 verbose url resolved https://registry.npmjs.org/gulp-notify
117 verbose request where is https://registry.npmjs.org/gulp-notify
118 info trying registry request attempt 1 at 11:15:58
119 http GET https://registry.npmjs.org/gulp-notify
120 info retry will retry, error on last attempt: Error: getaddrinfo ENOTFOUND
121 verbose request where is /gulp-rename
122 verbose request registry https://registry.npmjs.org/
123 verbose url raw /gulp-rename
124 verbose url resolving [ 'https://registry.npmjs.org/', './gulp-rename' ]
125 verbose url resolved https://registry.npmjs.org/gulp-rename
126 verbose request where is https://registry.npmjs.org/gulp-rename
127 info trying registry request attempt 1 at 11:15:58
128 verbose etag "BDDIIZPJYYWKVGMDYA8FKLVUZ"
129 http GET https://registry.npmjs.org/gulp-rename
130 verbose request where is /gulp-watch
131 verbose request registry https://registry.npmjs.org/
132 verbose url raw /gulp-watch
133 verbose url resolving [ 'https://registry.npmjs.org/', './gulp-watch' ]
134 verbose url resolved https://registry.npmjs.org/gulp-watch
135 verbose request where is https://registry.npmjs.org/gulp-watch
136 info trying registry request attempt 1 at 11:15:58
137 verbose etag "2CLBCXRYDAEZUKGKN5J1GAQY"
138 http GET https://registry.npmjs.org/gulp-watch
139 verbose request where is /gulp-minify-css
140 verbose request registry https://registry.npmjs.org/
141 verbose url raw /gulp-minify-css
142 verbose url resolving [ 'https://registry.npmjs.org/', './gulp-minify-css' ]
143 verbose url resolved https://registry.npmjs.org/gulp-minify-css
144 verbose request where is https://registry.npmjs.org/gulp-minify-css
145 info trying registry request attempt 1 at 11:15:58
146 verbose etag "4BS6WR51029LCEHF8JHW1I7RR"
147 http GET https://registry.npmjs.org/gulp-minify-css
148 verbose request where is /gulp-concat
149 verbose request registry https://registry.npmjs.org/
150 verbose url raw /gulp-concat
151 verbose url resolving [ 'https://registry.npmjs.org/', './gulp-concat' ]
152 verbose url resolved https://registry.npmjs.org/gulp-concat
153 verbose request where is https://registry.npmjs.org/gulp-concat
154 info trying registry request attempt 1 at 11:15:58
155 verbose etag "D9JDG4LO6QFW9FVKR3NN2GYJZ"
156 http GET https://registry.npmjs.org/gulp-concat
157 verbose request where is /gulp-uglify
158 verbose request registry https://registry.npmjs.org/
159 verbose url raw /gulp-uglify
160 verbose url resolving [ 'https://registry.npmjs.org/', './gulp-uglify' ]
161 verbose url resolved https://registry.npmjs.org/gulp-uglify
162 verbose request where is https://registry.npmjs.org/gulp-uglify
163 info trying registry request attempt 1 at 11:15:58
164 verbose etag "7EB9OP3F81H46R8RHT0XKALMX"
165 http GET https://registry.npmjs.org/gulp-uglify
166 verbose request where is /gulp-ruby-sass
167 verbose request registry https://registry.npmjs.org/
168 verbose url raw /gulp-ruby-sass
169 verbose url resolving [ 'https://registry.npmjs.org/', './gulp-ruby-sass' ]
170 verbose url resolved https://registry.npmjs.org/gulp-ruby-sass
171 verbose request where is https://registry.npmjs.org/gulp-ruby-sass
172 info trying registry request attempt 1 at 11:15:58
173 verbose etag "CGWUA1JIU9QDIVDLMNX569QJB"
174 http GET https://registry.npmjs.org/gulp-ruby-sass
175 info retry will retry, error on last attempt: Error: getaddrinfo ENOTFOUND
176 info retry will retry, error on last attempt: Error: getaddrinfo ENOTFOUND
177 info retry will retry, error on last attempt: Error: getaddrinfo ENOTFOUND
178 verbose request where is /gulp-livereload
179 verbose request registry https://registry.npmjs.org/
180 verbose url raw /gulp-livereload
181 verbose url resolving [ 'https://registry.npmjs.org/', './gulp-livereload' ]
182 verbose url resolved https://registry.npmjs.org/gulp-livereload
183 verbose request where is https://registry.npmjs.org/gulp-livereload
184 info trying registry request attempt 1 at 11:15:58
185 verbose etag "5ER7YP9ZB39SRS60J38YY3OSV"
186 http GET https://registry.npmjs.org/gulp-livereload
187 info retry will retry, error on last attempt: Error: getaddrinfo ENOTFOUND
188 info retry will retry, error on last attempt: Error: getaddrinfo ENOTFOUND
189 verbose request where is /gulp
190 verbose request registry https://registry.npmjs.org/
191 verbose url raw /gulp
192 verbose url resolving [ 'https://registry.npmjs.org/', './gulp' ]
193 verbose url resolved https://registry.npmjs.org/gulp
194 verbose request where is https://registry.npmjs.org/gulp
195 info trying registry request attempt 1 at 11:15:58
196 verbose etag "7LDGHTM513D1EJ2072FCYEHH7"
197 http GET https://registry.npmjs.org/gulp
198 verbose request where is /gulp-sass
199 verbose request registry https://registry.npmjs.org/
200 verbose url raw /gulp-sass
201 verbose url resolving [ 'https://registry.npmjs.org/', './gulp-sass' ]
202 verbose url resolved https://registry.npmjs.org/gulp-sass
203 verbose request where is https://registry.npmjs.org/gulp-sass
204 info trying registry request attempt 1 at 11:15:58
205 verbose etag "2MU1L1KSPY54CLUY60PNH9I1P"
206 http GET https://registry.npmjs.org/gulp-sass
207 info retry will retry, error on last attempt: Error: getaddrinfo ENOTFOUND
208 info retry will retry, error on last attempt: Error: getaddrinfo ENOTFOUND
209 info retry will retry, error on last attempt: Error: getaddrinfo ENOTFOUND
210 info retry will retry, error on last attempt: Error: getaddrinfo ENOTFOUND
211 info trying registry request attempt 2 at 11:16:08
212 http GET https://registry.npmjs.org/gulp-notify
213 info retry will retry, error on last attempt: Error: getaddrinfo ENOTFOUND
214 info trying registry request attempt 2 at 11:16:08
215 verbose etag "BDDIIZPJYYWKVGMDYA8FKLVUZ"
216 http GET https://registry.npmjs.org/gulp-rename
217 info trying registry request attempt 2 at 11:16:08
218 verbose etag "2CLBCXRYDAEZUKGKN5J1GAQY"
219 http GET https://registry.npmjs.org/gulp-watch
220 info trying registry request attempt 2 at 11:16:08
221 verbose etag "4BS6WR51029LCEHF8JHW1I7RR"
222 http GET https://registry.npmjs.org/gulp-minify-css
223 info trying registry request attempt 2 at 11:16:08
224 verbose etag "D9JDG4LO6QFW9FVKR3NN2GYJZ"
225 http GET https://registry.npmjs.org/gulp-concat
226 info trying registry request attempt 2 at 11:16:08
227 verbose etag "7EB9OP3F81H46R8RHT0XKALMX"
228 http GET https://registry.npmjs.org/gulp-uglify
229 info trying registry request attempt 2 at 11:16:08
230 verbose etag "CGWUA1JIU9QDIVDLMNX569QJB"
231 http GET https://registry.npmjs.org/gulp-ruby-sass
232 info trying registry request attempt 2 at 11:16:08
233 verbose etag "5ER7YP9ZB39SRS60J38YY3OSV"
234 http GET https://registry.npmjs.org/gulp-livereload
235 info trying registry request attempt 2 at 11:16:08
236 verbose etag "7LDGHTM513D1EJ2072FCYEHH7"
237 http GET https://registry.npmjs.org/gulp
238 info trying registry request attempt 2 at 11:16:08
239 verbose etag "2MU1L1KSPY54CLUY60PNH9I1P"
240 http GET https://registry.npmjs.org/gulp-sass
241 info retry will retry, error on last attempt: Error: getaddrinfo ENOTFOUND
242 info retry will retry, error on last attempt: Error: getaddrinfo ENOTFOUND
243 info retry will retry, error on last attempt: Error: getaddrinfo ENOTFOUND
244 info retry will retry, error on last attempt: Error: getaddrinfo ENOTFOUND
245 info retry will retry, error on last attempt: Error: getaddrinfo ENOTFOUND
246 info retry will retry, error on last attempt: Error: getaddrinfo ENOTFOUND
247 info retry will retry, error on last attempt: Error: getaddrinfo ENOTFOUND
248 info retry will retry, error on last attempt: Error: getaddrinfo ENOTFOUND
249 info retry will retry, error on last attempt: Error: getaddrinfo ENOTFOUND
250 info trying registry request attempt 3 at 11:17:08
251 http GET https://registry.npmjs.org/gulp-notify
252 silly lockFile 1aba93d6-gulp-notify-2-2-0 gulp-notify@~2.2.0
253 silly lockFile 1aba93d6-gulp-notify-2-2-0 gulp-notify@~2.2.0
254 info trying registry request attempt 3 at 11:17:08
255 verbose etag "BDDIIZPJYYWKVGMDYA8FKLVUZ"
256 http GET https://registry.npmjs.org/gulp-rename
257 info trying registry request attempt 3 at 11:17:08
258 verbose etag "2CLBCXRYDAEZUKGKN5J1GAQY"
259 http GET https://registry.npmjs.org/gulp-watch
260 info trying registry request attempt 3 at 11:17:08
261 verbose etag "4BS6WR51029LCEHF8JHW1I7RR"
262 http GET https://registry.npmjs.org/gulp-minify-css
263 info trying registry request attempt 3 at 11:17:08
264 verbose etag "D9JDG4LO6QFW9FVKR3NN2GYJZ"
265 http GET https://registry.npmjs.org/gulp-concat
266 info trying registry request attempt 3 at 11:17:08
267 verbose etag "7EB9OP3F81H46R8RHT0XKALMX"
268 http GET https://registry.npmjs.org/gulp-uglify
269 info trying registry request attempt 3 at 11:17:08
270 verbose etag "CGWUA1JIU9QDIVDLMNX569QJB"
271 http GET https://registry.npmjs.org/gulp-ruby-sass
272 info trying registry request attempt 3 at 11:17:08
273 verbose etag "5ER7YP9ZB39SRS60J38YY3OSV"
274 http GET https://registry.npmjs.org/gulp-livereload
275 info trying registry request attempt 3 at 11:17:08
276 verbose etag "7LDGHTM513D1EJ2072FCYEHH7"
277 http GET https://registry.npmjs.org/gulp
278 info trying registry request attempt 3 at 11:17:08
279 verbose etag "2MU1L1KSPY54CLUY60PNH9I1P"
280 http GET https://registry.npmjs.org/gulp-sass
281 silly registry.get cb [ 304, undefined ]
282 verbose etag https://registry.npmjs.org/gulp-rename from cache
283 silly registry.get cb [ 304, undefined ]
284 verbose etag https://registry.npmjs.org/gulp-watch from cache
285 silly registry.get cb [ 304, undefined ]
286 verbose etag https://registry.npmjs.org/gulp-minify-css from cache
287 silly registry.get cb [ 304, undefined ]
288 verbose etag https://registry.npmjs.org/gulp-concat from cache
289 silly registry.get cb [ 304, undefined ]
290 verbose etag https://registry.npmjs.org/gulp-uglify from cache
291 silly registry.get cb [ 304, undefined ]
292 verbose etag https://registry.npmjs.org/gulp-ruby-sass from cache
293 silly registry.get cb [ 304, undefined ]
294 verbose etag https://registry.npmjs.org/gulp-livereload from cache
295 silly registry.get cb [ 304, undefined ]
296 verbose etag https://registry.npmjs.org/gulp from cache
297 silly registry.get cb [ 304, undefined ]
298 verbose etag https://registry.npmjs.org/gulp-sass from cache
299 silly addNameRange number 2 { name: 'gulp-watch',
299 silly addNameRange   range: '>=4.2.0-0 <4.3.0-0',
299 silly addNameRange   hasData: true }
300 silly addNameRange versions [ 'gulp-watch',
300 silly addNameRange   [ '0.0.1',
300 silly addNameRange     '0.0.2',
300 silly addNameRange     '0.0.3',
300 silly addNameRange     '0.0.4',
300 silly addNameRange     '0.1.0',
300 silly addNameRange     '0.1.1',
300 silly addNameRange     '0.1.2',
300 silly addNameRange     '0.1.3',
300 silly addNameRange     '0.2.0',
300 silly addNameRange     '0.2.1',
300 silly addNameRange     '0.2.2',
300 silly addNameRange     '0.2.3',
300 silly addNameRange     '0.2.4',
300 silly addNameRange     '0.2.5',
300 silly addNameRange     '0.2.6',
300 silly addNameRange     '0.2.7',
300 silly addNameRange     '0.3.0',
300 silly addNameRange     '0.3.1',
300 silly addNameRange     '0.3.2',
300 silly addNameRange     '0.3.3',
300 silly addNameRange     '0.3.4',
300 silly addNameRange     '0.4.0',
300 silly addNameRange     '0.4.1',
300 silly addNameRange     '0.4.2',
300 silly addNameRange     '0.5.0',
300 silly addNameRange     '0.5.2',
300 silly addNameRange     '0.5.3',
300 silly addNameRange     '0.5.4',
300 silly addNameRange     '0.6.0',
300 silly addNameRange     '0.6.1',
300 silly addNameRange     '0.6.2',
300 silly addNameRange     '0.6.3',
300 silly addNameRange     '0.6.4',
300 silly addNameRange     '0.6.5',
300 silly addNameRange     '0.6.6',
300 silly addNameRange     '0.7.0-alpha2',
300 silly addNameRange     '0.6.6-1',
300 silly addNameRange     '0.6.7',
300 silly addNameRange     '0.6.8',
300 silly addNameRange     '0.7.0-alpha3',
300 silly addNameRange     '0.6.9',
300 silly addNameRange     '0.6.10',
300 silly addNameRange     '0.7.0',
300 silly addNameRange     '0.7.1',
300 silly addNameRange     '1.0.0',
300 silly addNameRange     '1.0.2',
300 silly addNameRange     '1.0.3',
300 silly addNameRange     '1.0.4',
300 silly addNameRange     '1.0.5',
300 silly addNameRange     '1.0.6',
300 silly addNameRange     '1.0.7',
300 silly addNameRange     '1.1.0',
300 silly addNameRange     '1.2.0',
300 silly addNameRange     '1.0.8',
300 silly addNameRange     '1.1.1',
300 silly addNameRange     '1.2.1',
300 silly addNameRange     '2.0.0',
300 silly addNameRange     '3.0.0',
300 silly addNameRange     '4.0.0',
300 silly addNameRange     '4.0.1',
300 silly addNameRange     '4.0.2',
300 silly addNameRange     '4.0.3',
300 silly addNameRange     '4.1.0',
300 silly addNameRange     '4.1.1',
300 silly addNameRange     '4.2.0' ] ]
301 verbose addNamed [ 'gulp-watch', '4.2.0' ]
302 verbose addNamed [ '4.2.0', '4.2.0' ]
303 silly lockFile 0b63dce0-gulp-watch-4-2-0 gulp-watch@4.2.0
304 verbose lock gulp-watch@4.2.0 C:\Users\joan.lafulla\AppData\Roaming\npm-cache\0b63dce0-gulp-watch-4-2-0.lock
305 silly addNameRange number 2 { name: 'gulp-livereload',
305 silly addNameRange   range: '>=3.8.0-0 <3.9.0-0',
305 silly addNameRange   hasData: true }
306 silly addNameRange versions [ 'gulp-livereload',
306 silly addNameRange   [ '0.1.1',
306 silly addNameRange     '0.2.0',
306 silly addNameRange     '0.3.0',
306 silly addNameRange     '0.3.1',
306 silly addNameRange     '0.3.2',
306 silly addNameRange     '1.0.0',
306 silly addNameRange     '1.0.1',
306 silly addNameRange     '1.1.0',
306 silly addNameRange     '1.1.1',
306 silly addNameRange     '1.2.0',
306 silly addNameRange     '1.3.1',
306 silly addNameRange     '1.4.1',
306 silly addNameRange     '1.4.2',
306 silly addNameRange     '1.5.0',
306 silly addNameRange     '2.0.0',
306 silly addNameRange     '2.1.0',
306 silly addNameRange     '2.1.1',
306 silly addNameRange     '3.0.0',
306 silly addNameRange     '3.0.1',
306 silly addNameRange     '3.0.2',
306 silly addNameRange     '3.1.0',
306 silly addNameRange     '3.2.0',
306 silly addNameRange     '3.3.0',
306 silly addNameRange     '3.4.0',
306 silly addNameRange     '3.5.0',
306 silly addNameRange     '3.6.0',
306 silly addNameRange     '3.7.0',
306 silly addNameRange     '3.8.0' ] ]
307 verbose addNamed [ 'gulp-livereload', '3.8.0' ]
308 verbose addNamed [ '3.8.0', '3.8.0' ]
309 silly lockFile 0c53bdbd-gulp-livereload-3-8-0 gulp-livereload@3.8.0
310 verbose lock gulp-livereload@3.8.0 C:\Users\joan.lafulla\AppData\Roaming\npm-cache\0c53bdbd-gulp-livereload-3-8-0.lock
311 silly addNameRange number 2 { name: 'gulp-rename',
311 silly addNameRange   range: '>=1.2.0-0 <1.3.0-0',
311 silly addNameRange   hasData: true }
312 silly addNameRange versions [ 'gulp-rename',
312 silly addNameRange   [ '0.1.0', '0.2.1', '0.2.2', '1.0.0', '1.1.0', '1.2.0' ] ]
313 verbose addNamed [ 'gulp-rename', '1.2.0' ]
314 verbose addNamed [ '1.2.0', '1.2.0' ]
315 silly lockFile 5981c611-gulp-rename-1-2-0 gulp-rename@1.2.0
316 verbose lock gulp-rename@1.2.0 C:\Users\joan.lafulla\AppData\Roaming\npm-cache\5981c611-gulp-rename-1-2-0.lock
317 silly addNameRange number 2 { name: 'gulp', range: '>=3.8.11-0 <3.9.0-0', hasData: true }
318 silly addNameRange versions [ 'gulp',
318 silly addNameRange   [ '0.0.1',
318 silly addNameRange     '0.0.2',
318 silly addNameRange     '0.0.3',
318 silly addNameRange     '0.0.4',
318 silly addNameRange     '0.0.5',
318 silly addNameRange     '0.0.7',
318 silly addNameRange     '0.0.8',
318 silly addNameRange     '0.0.9',
318 silly addNameRange     '0.1.0',
318 silly addNameRange     '0.2.0',
318 silly addNameRange     '1.0.0',
318 silly addNameRange     '1.1.0',
318 silly addNameRange     '1.2.0',
318 silly addNameRange     '1.2.1',
318 silly addNameRange     '2.0.0',
318 silly addNameRange     '2.0.1',
318 silly addNameRange     '2.1.0',
318 silly addNameRange     '2.2.0',
318 silly addNameRange     '2.3.0',
318 silly addNameRange     '2.4.0',
318 silly addNameRange     '2.4.1',
318 silly addNameRange     '2.6.0',
318 silly addNameRange     '2.6.1',
318 silly addNameRange     '2.7.0',
318 silly addNameRange     '3.0.0',
318 silly addNameRange     '3.1.1',
318 silly addNameRange     '3.1.2',
318 silly addNameRange     '3.1.3',
318 silly addNameRange     '3.1.4',
318 silly addNameRange     '3.2.0',
318 silly addNameRange     '3.2.1',
318 silly addNameRange     '3.2.2',
318 silly addNameRange     '3.2.3',
318 silly addNameRange     '3.2.4',
318 silly addNameRange     '3.2.5',
318 silly addNameRange     '3.3.0',
318 silly addNameRange     '3.3.1',
318 silly addNameRange     '3.3.2',
318 silly addNameRange     '3.3.4',
318 silly addNameRange     '3.4.0',
318 silly addNameRange     '3.5.0',
318 silly addNameRange     '3.5.1',
318 silly addNameRange     '3.5.2',
318 silly addNameRange     '3.5.5',
318 silly addNameRange     '3.5.6',
318 silly addNameRange     '3.6.0',
318 silly addNameRange     '3.6.1',
318 silly addNameRange     '3.6.2',
318 silly addNameRange     '3.7.0',
318 silly addNameRange     '3.8.0',
318 silly addNameRange     '3.8.1',
318 silly addNameRange     '3.8.2',
318 silly addNameRange     '3.8.3',
318 silly addNameRange     '3.8.4',
318 silly addNameRange     '3.8.5',
318 silly addNameRange     '3.8.6',
318 silly addNameRange     '3.8.7',
318 silly addNameRange     '3.8.8',
318 silly addNameRange     '3.8.9',
318 silly addNameRange     '3.8.10',
318 silly addNameRange     '3.8.11' ] ]
319 verbose addNamed [ 'gulp', '3.8.11' ]
320 verbose addNamed [ '3.8.11', '3.8.11' ]
321 silly lockFile 3d31ec08-gulp-3-8-11 gulp@3.8.11
322 verbose lock gulp@3.8.11 C:\Users\joan.lafulla\AppData\Roaming\npm-cache\3d31ec08-gulp-3-8-11.lock
323 silly addNameRange number 2 { name: 'gulp-minify-css',
323 silly addNameRange   range: '>=1.0.0-0 <1.1.0-0',
323 silly addNameRange   hasData: true }
324 silly addNameRange versions [ 'gulp-minify-css',
324 silly addNameRange   [ '0.0.1',
324 silly addNameRange     '0.1.0',
324 silly addNameRange     '0.2.0',
324 silly addNameRange     '0.3.0',
324 silly addNameRange     '0.3.1',
324 silly addNameRange     '0.3.2',
324 silly addNameRange     '0.3.3',
324 silly addNameRange     '0.3.4',
324 silly addNameRange     '0.3.5',
324 silly addNameRange     '0.3.6',
324 silly addNameRange     '0.3.7',
324 silly addNameRange     '0.3.8',
324 silly addNameRange     '0.3.9',
324 silly addNameRange     '0.3.10',
324 silly addNameRange     '0.3.11' ] ]
325 silly lockFile 22712d68-gulp-minify-css-1-0-0 gulp-minify-css@~1.0.0
326 silly lockFile 22712d68-gulp-minify-css-1-0-0 gulp-minify-css@~1.0.0
327 silly addNameRange number 2 { name: 'gulp-ruby-sass',
327 silly addNameRange   range: '>=1.0.1-0 <1.1.0-0',
327 silly addNameRange   hasData: true }
328 silly addNameRange versions [ 'gulp-ruby-sass',
328 silly addNameRange   [ '0.1.0',
328 silly addNameRange     '0.1.1',
328 silly addNameRange     '0.1.2',
328 silly addNameRange     '0.2.0',
328 silly addNameRange     '0.3.0',
328 silly addNameRange     '0.3.1',
328 silly addNameRange     '0.4.0',
328 silly addNameRange     '0.4.1',
328 silly addNameRange     '0.4.2',
328 silly addNameRange     '0.4.3',
328 silly addNameRange     '0.5.0',
328 silly addNameRange     '0.6.0',
328 silly addNameRange     '0.7.0',
328 silly addNameRange     '0.7.1',
328 silly addNameRange     '1.0.0-alpha',
328 silly addNameRange     '1.0.0-alpha.2',
328 silly addNameRange     '1.0.0-alpha.3',
328 silly addNameRange     '1.0.0',
328 silly addNameRange     '1.0.1' ] ]
329 verbose addNamed [ 'gulp-ruby-sass', '1.0.1' ]
330 verbose addNamed [ '1.0.1', '1.0.1' ]
331 silly lockFile 2d8af6f9-gulp-ruby-sass-1-0-1 gulp-ruby-sass@1.0.1
332 verbose lock gulp-ruby-sass@1.0.1 C:\Users\joan.lafulla\AppData\Roaming\npm-cache\2d8af6f9-gulp-ruby-sass-1-0-1.lock
333 silly addNameRange number 2 { name: 'gulp-uglify',
333 silly addNameRange   range: '>=1.1.0-0 <1.2.0-0',
333 silly addNameRange   hasData: true }
334 silly addNameRange versions [ 'gulp-uglify',
334 silly addNameRange   [ '0.0.1',
334 silly addNameRange     '0.0.3',
334 silly addNameRange     '0.0.4',
334 silly addNameRange     '0.1.0',
334 silly addNameRange     '0.2.0',
334 silly addNameRange     '0.2.1',
334 silly addNameRange     '0.3.0',
334 silly addNameRange     '0.3.1',
334 silly addNameRange     '0.3.2',
334 silly addNameRange     '1.0.0-0',
334 silly addNameRange     '1.0.0',
334 silly addNameRange     '1.0.1' ] ]
335 silly lockFile 4d3d450f-gulp-uglify-1-1-0 gulp-uglify@~1.1.0
336 silly lockFile 4d3d450f-gulp-uglify-1-1-0 gulp-uglify@~1.1.0
337 silly addNameRange number 2 { name: 'gulp-concat',
337 silly addNameRange   range: '>=2.5.2-0 <2.6.0-0',
337 silly addNameRange   hasData: true }
338 silly addNameRange versions [ 'gulp-concat',
338 silly addNameRange   [ '0.0.1',
338 silly addNameRange     '1.0.0',
338 silly addNameRange     '1.1.0',
338 silly addNameRange     '2.0.0',
338 silly addNameRange     '2.1.0',
338 silly addNameRange     '2.1.1',
338 silly addNameRange     '2.1.2',
338 silly addNameRange     '2.1.3',
338 silly addNameRange     '2.1.4',
338 silly addNameRange     '2.1.5',
338 silly addNameRange     '2.1.6',
338 silly addNameRange     '2.1.7',
338 silly addNameRange     '2.2.0',
338 silly addNameRange     '2.3.0',
338 silly addNameRange     '2.3.3',
338 silly addNameRange     '2.3.4',
338 silly addNameRange     '2.3.5',
338 silly addNameRange     '2.4.0',
338 silly addNameRange     '2.4.1' ] ]
339 silly lockFile bdf13388-gulp-concat-2-5-2 gulp-concat@~2.5.2
340 silly lockFile bdf13388-gulp-concat-2-5-2 gulp-concat@~2.5.2
341 silly addNameRange number 2 { name: 'gulp-sass', range: '>=1.3.3-0 <1.4.0-0', hasData: true }
342 silly addNameRange versions [ 'gulp-sass',
342 silly addNameRange   [ '0.1.0',
342 silly addNameRange     '0.2.1',
342 silly addNameRange     '0.2.2',
342 silly addNameRange     '0.2.3',
342 silly addNameRange     '0.3.0',
342 silly addNameRange     '0.4.0',
342 silly addNameRange     '0.4.1',
342 silly addNameRange     '0.5.0',
342 silly addNameRange     '0.5.1',
342 silly addNameRange     '0.5.2',
342 silly addNameRange     '0.6.0',
342 silly addNameRange     '0.7.0',
342 silly addNameRange     '0.7.1',
342 silly addNameRange     '0.7.2',
342 silly addNameRange     '0.7.3',
342 silly addNameRange     '1.0.0',
342 silly addNameRange     '1.1.0',
342 silly addNameRange     '1.2.0',
342 silly addNameRange     '1.2.1',
342 silly addNameRange     '1.2.2',
342 silly addNameRange     '1.2.3',
342 silly addNameRange     '1.2.4',
342 silly addNameRange     '1.3.0',
342 silly addNameRange     '1.3.1',
342 silly addNameRange     '1.3.2',
342 silly addNameRange     '1.3.3' ] ]
343 verbose addNamed [ 'gulp-sass', '1.3.3' ]
344 verbose addNamed [ '1.3.3', '1.3.3' ]
345 silly lockFile bd3023a4-gulp-sass-1-3-3 gulp-sass@1.3.3
346 verbose lock gulp-sass@1.3.3 C:\Users\joan.lafulla\AppData\Roaming\npm-cache\bd3023a4-gulp-sass-1-3-3.lock
347 silly lockFile be0bc1fb-reload-gulp-livereload-3-8-0-tgz https://registry.npmjs.org/gulp-livereload/-/gulp-livereload-3.8.0.tgz
348 verbose lock https://registry.npmjs.org/gulp-livereload/-/gulp-livereload-3.8.0.tgz C:\Users\joan.lafulla\AppData\Roaming\npm-cache\be0bc1fb-reload-gulp-livereload-3-8-0-tgz.lock
349 silly lockFile 214a2d8e--gulp-watch-gulp-watch-4-2-0-tgz https://registry.npmjs.org/gulp-watch/-/gulp-watch-4.2.0.tgz
350 verbose lock https://registry.npmjs.org/gulp-watch/-/gulp-watch-4.2.0.tgz C:\Users\joan.lafulla\AppData\Roaming\npm-cache\214a2d8e--gulp-watch-gulp-watch-4-2-0-tgz.lock
351 silly lockFile d3850662-by-sass-gulp-ruby-sass-1-0-1-tgz https://registry.npmjs.org/gulp-ruby-sass/-/gulp-ruby-sass-1.0.1.tgz
352 verbose lock https://registry.npmjs.org/gulp-ruby-sass/-/gulp-ruby-sass-1.0.1.tgz C:\Users\joan.lafulla\AppData\Roaming\npm-cache\d3850662-by-sass-gulp-ruby-sass-1-0-1-tgz.lock
353 verbose addRemoteTarball [ 'https://registry.npmjs.org/gulp-watch/-/gulp-watch-4.2.0.tgz',
353 verbose addRemoteTarball   '53c3ed9a4ec62382b4459a7f38ca740cfc3d36b0' ]
354 verbose addRemoteTarball [ 'https://registry.npmjs.org/gulp-livereload/-/gulp-livereload-3.8.0.tgz',
354 verbose addRemoteTarball   '5992b10796e7240c1bfebd592270b3ac6dcfc39b' ]
355 verbose addRemoteTarball [ 'https://registry.npmjs.org/gulp-ruby-sass/-/gulp-ruby-sass-1.0.1.tgz',
355 verbose addRemoteTarball   'd9890fc25e885ca54bea8c99102cd30f165de531' ]
356 info retry fetch attempt 1 at 11:17:08
357 verbose fetch to= C:\Users\JOAN~1.LAF\AppData\Local\Temp\npm-3340-U4gipCQP\registry.npmjs.org\gulp-ruby-sass\-\gulp-ruby-sass-1.0.1.tgz
358 http GET https://registry.npmjs.org/gulp-ruby-sass/-/gulp-ruby-sass-1.0.1.tgz
359 info retry fetch attempt 1 at 11:17:08
360 verbose fetch to= C:\Users\JOAN~1.LAF\AppData\Local\Temp\npm-3340-U4gipCQP\registry.npmjs.org\gulp-watch\-\gulp-watch-4.2.0.tgz
361 silly lockFile 5981c611-gulp-rename-1-2-0 gulp-rename@1.2.0
362 silly lockFile 5981c611-gulp-rename-1-2-0 gulp-rename@1.2.0
363 error fetch failed https://registry.npmjs.org/gulp-ruby-sass/-/gulp-ruby-sass-1.0.1.tgz
364 info retry will retry, error on last attempt: Error: getaddrinfo ENOTFOUND
365 info retry fetch attempt 1 at 11:17:08
366 verbose fetch to= C:\Users\JOAN~1.LAF\AppData\Local\Temp\npm-3340-U4gipCQP\registry.npmjs.org\gulp-livereload\-\gulp-livereload-3.8.0.tgz
367 silly lockFile afe69ea5-gulp-rename-1-2-0 gulp-rename@~1.2.0
368 silly lockFile afe69ea5-gulp-rename-1-2-0 gulp-rename@~1.2.0
369 http GET https://registry.npmjs.org/gulp-watch/-/gulp-watch-4.2.0.tgz
370 silly lockFile bd3023a4-gulp-sass-1-3-3 gulp-sass@1.3.3
371 silly lockFile bd3023a4-gulp-sass-1-3-3 gulp-sass@1.3.3
372 silly lockFile 3d31ec08-gulp-3-8-11 gulp@3.8.11
373 silly lockFile 3d31ec08-gulp-3-8-11 gulp@3.8.11
374 error fetch failed https://registry.npmjs.org/gulp-watch/-/gulp-watch-4.2.0.tgz
375 info retry will retry, error on last attempt: Error: getaddrinfo ENOTFOUND
376 http GET https://registry.npmjs.org/gulp-livereload/-/gulp-livereload-3.8.0.tgz
377 silly lockFile 2ff5c936-gulp-sass-1-3-3 gulp-sass@~1.3.3
378 silly lockFile 2ff5c936-gulp-sass-1-3-3 gulp-sass@~1.3.3
379 silly lockFile 08c6f049-gulp-3-8-11 gulp@~3.8.11
380 silly lockFile 08c6f049-gulp-3-8-11 gulp@~3.8.11
381 error fetch failed https://registry.npmjs.org/gulp-livereload/-/gulp-livereload-3.8.0.tgz
382 info retry will retry, error on last attempt: Error: getaddrinfo ENOTFOUND
383 info retry fetch attempt 2 at 11:17:18
384 verbose fetch to= C:\Users\JOAN~1.LAF\AppData\Local\Temp\npm-3340-U4gipCQP\registry.npmjs.org\gulp-ruby-sass\-\gulp-ruby-sass-1.0.1.tgz
385 info retry fetch attempt 2 at 11:17:18
386 verbose fetch to= C:\Users\JOAN~1.LAF\AppData\Local\Temp\npm-3340-U4gipCQP\registry.npmjs.org\gulp-watch\-\gulp-watch-4.2.0.tgz
387 info retry fetch attempt 2 at 11:17:18
388 verbose fetch to= C:\Users\JOAN~1.LAF\AppData\Local\Temp\npm-3340-U4gipCQP\registry.npmjs.org\gulp-livereload\-\gulp-livereload-3.8.0.tgz
389 http GET https://registry.npmjs.org/gulp-ruby-sass/-/gulp-ruby-sass-1.0.1.tgz
390 http GET https://registry.npmjs.org/gulp-watch/-/gulp-watch-4.2.0.tgz
391 http GET https://registry.npmjs.org/gulp-livereload/-/gulp-livereload-3.8.0.tgz
392 error fetch failed https://registry.npmjs.org/gulp-ruby-sass/-/gulp-ruby-sass-1.0.1.tgz
393 info retry will retry, error on last attempt: Error: getaddrinfo ENOTFOUND
394 error fetch failed https://registry.npmjs.org/gulp-watch/-/gulp-watch-4.2.0.tgz
395 info retry will retry, error on last attempt: Error: getaddrinfo ENOTFOUND
396 error fetch failed https://registry.npmjs.org/gulp-livereload/-/gulp-livereload-3.8.0.tgz
397 info retry will retry, error on last attempt: Error: getaddrinfo ENOTFOUND
398 info retry fetch attempt 3 at 11:18:18
399 verbose fetch to= C:\Users\JOAN~1.LAF\AppData\Local\Temp\npm-3340-U4gipCQP\registry.npmjs.org\gulp-ruby-sass\-\gulp-ruby-sass-1.0.1.tgz
400 http GET https://registry.npmjs.org/gulp-ruby-sass/-/gulp-ruby-sass-1.0.1.tgz
401 error fetch failed https://registry.npmjs.org/gulp-ruby-sass/-/gulp-ruby-sass-1.0.1.tgz
402 silly lockFile d3850662-by-sass-gulp-ruby-sass-1-0-1-tgz https://registry.npmjs.org/gulp-ruby-sass/-/gulp-ruby-sass-1.0.1.tgz
403 silly lockFile d3850662-by-sass-gulp-ruby-sass-1-0-1-tgz https://registry.npmjs.org/gulp-ruby-sass/-/gulp-ruby-sass-1.0.1.tgz
404 silly lockFile 2d8af6f9-gulp-ruby-sass-1-0-1 gulp-ruby-sass@1.0.1
405 silly lockFile 2d8af6f9-gulp-ruby-sass-1-0-1 gulp-ruby-sass@1.0.1
406 silly lockFile 2321cfad-gulp-ruby-sass-1-0-1 gulp-ruby-sass@~1.0.1
407 silly lockFile 2321cfad-gulp-ruby-sass-1-0-1 gulp-ruby-sass@~1.0.1
408 info retry fetch attempt 3 at 11:18:18
409 verbose fetch to= C:\Users\JOAN~1.LAF\AppData\Local\Temp\npm-3340-U4gipCQP\registry.npmjs.org\gulp-watch\-\gulp-watch-4.2.0.tgz
410 info retry fetch attempt 3 at 11:18:18
411 verbose fetch to= C:\Users\JOAN~1.LAF\AppData\Local\Temp\npm-3340-U4gipCQP\registry.npmjs.org\gulp-livereload\-\gulp-livereload-3.8.0.tgz
412 http GET https://registry.npmjs.org/gulp-watch/-/gulp-watch-4.2.0.tgz
413 http GET https://registry.npmjs.org/gulp-livereload/-/gulp-livereload-3.8.0.tgz
414 error fetch failed https://registry.npmjs.org/gulp-watch/-/gulp-watch-4.2.0.tgz
415 silly lockFile 214a2d8e--gulp-watch-gulp-watch-4-2-0-tgz https://registry.npmjs.org/gulp-watch/-/gulp-watch-4.2.0.tgz
416 silly lockFile 214a2d8e--gulp-watch-gulp-watch-4-2-0-tgz https://registry.npmjs.org/gulp-watch/-/gulp-watch-4.2.0.tgz
417 error fetch failed https://registry.npmjs.org/gulp-livereload/-/gulp-livereload-3.8.0.tgz
418 silly lockFile be0bc1fb-reload-gulp-livereload-3-8-0-tgz https://registry.npmjs.org/gulp-livereload/-/gulp-livereload-3.8.0.tgz
419 silly lockFile be0bc1fb-reload-gulp-livereload-3-8-0-tgz https://registry.npmjs.org/gulp-livereload/-/gulp-livereload-3.8.0.tgz
420 silly lockFile 0b63dce0-gulp-watch-4-2-0 gulp-watch@4.2.0
421 silly lockFile 0b63dce0-gulp-watch-4-2-0 gulp-watch@4.2.0
422 silly lockFile 0c53bdbd-gulp-livereload-3-8-0 gulp-livereload@3.8.0
423 silly lockFile 0c53bdbd-gulp-livereload-3-8-0 gulp-livereload@3.8.0
424 silly lockFile 9dbf8557-gulp-watch-4-2-0 gulp-watch@~4.2.0
425 silly lockFile 9dbf8557-gulp-watch-4-2-0 gulp-watch@~4.2.0
426 silly lockFile e679b065-gulp-livereload-3-8-0 gulp-livereload@~3.8.0
427 silly lockFile e679b065-gulp-livereload-3-8-0 gulp-livereload@~3.8.0
428 error network getaddrinfo ENOTFOUND
428 error network This is most likely not a problem with npm itself
428 error network and is related to network connectivity.
428 error network In most cases you are behind a proxy or have bad network settings.
428 error network
428 error network If you are behind a proxy, please make sure that the
428 error network 'proxy' config is set properly.  See: 'npm help config'
429 error System Windows_NT 6.2.9200
430 error command "c:\\Program Files\\nodejs\\node.exe" "c:\\Program Files\\nodejs\\node_modules\\npm\\bin\\npm-cli.js" "install"
431 error cwd c:\xampp\htdocs\almas
432 error node -v v0.10.32
433 error npm -v 1.4.28
434 error syscall getaddrinfo
435 error code ENOTFOUND
436 error errno ENOTFOUND
437 verbose exit [ 1, true ]
